<?xml version="1.0" encoding="UTF-8"?>
<testng-results skipped="0" failed="5" ignored="12" total="40" passed="23">
  <reporter-output>
  </reporter-output>
  <suite name="All Test Suite" duration-ms="546046" started-at="2022-05-06T14:51:25 IST" finished-at="2022-05-06T15:00:31 IST">
    <groups>
    </groups>
    <test name="C:/Users/USER/IdeaProjects/buffalocart" duration-ms="546046" started-at="2022-05-06T14:51:25 IST" finished-at="2022-05-06T15:00:31 IST">
      <class name="com.buffalocart.test.UserPageTest">
        <test-method status="PASS" signature="setUp()[pri:0, instance:com.buffalocart.test.UserPageTest@4de5031f]" name="setUp" is-config="true" duration-ms="6416" started-at="2022-05-06T14:58:44 IST" finished-at="2022-05-06T14:58:50 IST">
          <reporter-output>
          </reporter-output>
        </test-method> <!-- setUp -->
        <test-method status="PASS" signature="verify_Users_page_title()[pri:10, instance:com.buffalocart.test.UserPageTest@4de5031f]" name="verify_Users_page_title" duration-ms="11201" started-at="2022-05-06T14:58:50 IST" description="TC_010_Verify Users page title" finished-at="2022-05-06T14:59:02 IST">
          <reporter-output>
          </reporter-output>
        </test-method> <!-- verify_Users_page_title -->
        <test-method status="PASS" signature="setUp()[pri:0, instance:com.buffalocart.test.UserPageTest@4de5031f]" name="setUp" is-config="true" duration-ms="6630" started-at="2022-05-06T14:59:02 IST" finished-at="2022-05-06T14:59:08 IST">
          <reporter-output>
          </reporter-output>
        </test-method> <!-- setUp -->
        <test-method status="PASS" signature="tearDown(org.testng.ITestResult)[pri:0, instance:com.buffalocart.test.UserPageTest@4de5031f]" name="tearDown" is-config="true" duration-ms="0" started-at="2022-05-06T14:59:02 IST" finished-at="2022-05-06T14:59:02 IST">
          <params>
            <param index="0">
              <value>
                <![CDATA[[TestResult name=verify_Users_page_title status=SUCCESS method=UserPageTest.verify_Users_page_title()[pri:10, instance:com.buffalocart.test.UserPageTest@4de5031f] output={null}]]]>
              </value>
            </param>
          </params>
          <reporter-output>
          </reporter-output>
        </test-method> <!-- tearDown -->
        <test-method status="PASS" signature="verify_user_search_with_valid_data()[pri:11, instance:com.buffalocart.test.UserPageTest@4de5031f]" name="verify_user_search_with_valid_data" duration-ms="14259" started-at="2022-05-06T14:59:08 IST" description="TC_011_Verify user search with valid data" finished-at="2022-05-06T14:59:22 IST">
          <reporter-output>
          </reporter-output>
        </test-method> <!-- verify_user_search_with_valid_data -->
        <test-method status="PASS" signature="tearDown(org.testng.ITestResult)[pri:0, instance:com.buffalocart.test.UserPageTest@4de5031f]" name="tearDown" is-config="true" duration-ms="0" started-at="2022-05-06T14:59:22 IST" finished-at="2022-05-06T14:59:22 IST">
          <params>
            <param index="0">
              <value>
                <![CDATA[[TestResult name=verify_user_search_with_valid_data status=SUCCESS method=UserPageTest.verify_user_search_with_valid_data()[pri:11, instance:com.buffalocart.test.UserPageTest@4de5031f] output={null}]]]>
              </value>
            </param>
          </params>
          <reporter-output>
          </reporter-output>
        </test-method> <!-- tearDown -->
        <test-method status="PASS" signature="setUp()[pri:0, instance:com.buffalocart.test.UserPageTest@4de5031f]" name="setUp" is-config="true" duration-ms="7529" started-at="2022-05-06T14:59:22 IST" finished-at="2022-05-06T14:59:30 IST">
          <reporter-output>
          </reporter-output>
        </test-method> <!-- setUp -->
        <test-method status="PASS" signature="verify_message_displayed_by_user_search_with_invalid_data()[pri:12, instance:com.buffalocart.test.UserPageTest@4de5031f]" name="verify_message_displayed_by_user_search_with_invalid_data" duration-ms="15350" started-at="2022-05-06T14:59:30 IST" description="TC_012_Verify message displayed by  user search with invalid data" finished-at="2022-05-06T14:59:45 IST">
          <reporter-output>
          </reporter-output>
        </test-method> <!-- verify_message_displayed_by_user_search_with_invalid_data -->
        <test-method status="PASS" signature="tearDown(org.testng.ITestResult)[pri:0, instance:com.buffalocart.test.UserPageTest@4de5031f]" name="tearDown" is-config="true" duration-ms="0" started-at="2022-05-06T14:59:45 IST" finished-at="2022-05-06T14:59:45 IST">
          <params>
            <param index="0">
              <value>
                <![CDATA[[TestResult name=verify_message_displayed_by_user_search_with_invalid_data status=SUCCESS method=UserPageTest.verify_message_displayed_by_user_search_with_invalid_data()[pri:12, instance:com.buffalocart.test.UserPageTest@4de5031f] output={null}]]]>
              </value>
            </param>
          </params>
          <reporter-output>
          </reporter-output>
        </test-method> <!-- tearDown -->
        <test-method status="PASS" signature="setUp()[pri:0, instance:com.buffalocart.test.UserPageTest@4de5031f]" name="setUp" is-config="true" duration-ms="6571" started-at="2022-05-06T14:59:45 IST" finished-at="2022-05-06T14:59:52 IST">
          <reporter-output>
          </reporter-output>
        </test-method> <!-- setUp -->
        <test-method status="FAIL" signature="verify_user_can_delete_a_user()[pri:19, instance:com.buffalocart.test.UserPageTest@4de5031f]" name="verify_user_can_delete_a_user" duration-ms="17424" started-at="2022-05-06T14:59:52 IST" description="TC_019_Verify user can delete a user" finished-at="2022-05-06T15:00:09 IST">
          <exception class="org.openqa.selenium.NoSuchElementException">
            <message>
              <![CDATA[no such element: Unable to locate element: {"method":"css selector","selector":"div[class='toast-message']"}
  (Session info: chrome=101.0.4951.54)
For documentation on this error, please visit: https://selenium.dev/exceptions/#no_such_element
Build info: version: '4.1.3', revision: '7b1ebf28ef'
System info: host: 'LAPTOP-V0HJLHIK', ip: '192.168.1.4', os.name: 'Windows 10', os.arch: 'amd64', os.version: '10.0', java.version: '1.8.0_241'
Driver info: org.openqa.selenium.chrome.ChromeDriver
Command: [b6469cd2d271f3b3ca421277b1f70372, findElement {using=css selector, value=div[class='toast-message']}]
Capabilities {acceptInsecureCerts: false, browserName: chrome, browserVersion: 101.0.4951.54, chrome: {chromedriverVersion: 101.0.4951.41 (93c720db8323..., userDataDir: C:\Users\USER\AppData\Local...}, goog:chromeOptions: {debuggerAddress: localhost:56960}, javascriptEnabled: true, networkConnectionEnabled: false, pageLoadStrategy: normal, platform: WINDOWS, platformName: WINDOWS, proxy: Proxy(), se:cdp: ws://localhost:56960/devtoo..., se:cdpVersion: 101.0.4951.54, setWindowRect: true, strictFileInteractability: false, timeouts: {implicit: 0, pageLoad: 300000, script: 30000}, unhandledPromptBehavior: dismiss and notify, webauthn:extension:credBlob: true, webauthn:extension:largeBlob: true, webauthn:virtualAuthenticators: true}
Session ID: b6469cd2d271f3b3ca421277b1f70372]]>
            </message>
            <full-stacktrace>
              <![CDATA[org.openqa.selenium.NoSuchElementException: no such element: Unable to locate element: {"method":"css selector","selector":"div[class='toast-message']"}
  (Session info: chrome=101.0.4951.54)
For documentation on this error, please visit: https://selenium.dev/exceptions/#no_such_element
Build info: version: '4.1.3', revision: '7b1ebf28ef'
System info: host: 'LAPTOP-V0HJLHIK', ip: '192.168.1.4', os.name: 'Windows 10', os.arch: 'amd64', os.version: '10.0', java.version: '1.8.0_241'
Driver info: org.openqa.selenium.chrome.ChromeDriver
Command: [b6469cd2d271f3b3ca421277b1f70372, findElement {using=css selector, value=div[class='toast-message']}]
Capabilities {acceptInsecureCerts: false, browserName: chrome, browserVersion: 101.0.4951.54, chrome: {chromedriverVersion: 101.0.4951.41 (93c720db8323..., userDataDir: C:\Users\USER\AppData\Local...}, goog:chromeOptions: {debuggerAddress: localhost:56960}, javascriptEnabled: true, networkConnectionEnabled: false, pageLoadStrategy: normal, platform: WINDOWS, platformName: WINDOWS, proxy: Proxy(), se:cdp: ws://localhost:56960/devtoo..., se:cdpVersion: 101.0.4951.54, setWindowRect: true, strictFileInteractability: false, timeouts: {implicit: 0, pageLoad: 300000, script: 30000}, unhandledPromptBehavior: dismiss and notify, webauthn:extension:credBlob: true, webauthn:extension:largeBlob: true, webauthn:virtualAuthenticators: true}
Session ID: b6469cd2d271f3b3ca421277b1f70372
at sun.reflect.NativeConstructorAccessorImpl.newInstance0(Native Method)
at sun.reflect.NativeConstructorAccessorImpl.newInstance(Unknown Source)
at sun.reflect.DelegatingConstructorAccessorImpl.newInstance(Unknown Source)
at java.lang.reflect.Constructor.newInstance(Unknown Source)
at org.openqa.selenium.remote.codec.w3c.W3CHttpResponseCodec.createException(W3CHttpResponseCodec.java:200)
at org.openqa.selenium.remote.codec.w3c.W3CHttpResponseCodec.decode(W3CHttpResponseCodec.java:133)
at org.openqa.selenium.remote.codec.w3c.W3CHttpResponseCodec.decode(W3CHttpResponseCodec.java:53)
at org.openqa.selenium.remote.HttpCommandExecutor.execute(HttpCommandExecutor.java:184)
at org.openqa.selenium.remote.service.DriverCommandExecutor.invokeExecute(DriverCommandExecutor.java:167)
at org.openqa.selenium.remote.service.DriverCommandExecutor.execute(DriverCommandExecutor.java:142)
at org.openqa.selenium.remote.RemoteWebDriver.execute(RemoteWebDriver.java:567)
at org.openqa.selenium.remote.ElementLocation$ElementFinder$2.findElement(ElementLocation.java:162)
at org.openqa.selenium.remote.ElementLocation.findElement(ElementLocation.java:60)
at org.openqa.selenium.remote.RemoteWebDriver.findElement(RemoteWebDriver.java:385)
at org.openqa.selenium.remote.RemoteWebDriver.findElement(RemoteWebDriver.java:377)
at org.openqa.selenium.support.pagefactory.DefaultElementLocator.findElement(DefaultElementLocator.java:70)
at org.openqa.selenium.support.pagefactory.internal.LocatingElementHandler.invoke(LocatingElementHandler.java:39)
at com.sun.proxy.$Proxy14.getText(Unknown Source)
at com.buffalocart.utilities.PageUtility.getElementText(PageUtility.java:52)
at com.buffalocart.pages.UserPage.getDeletedMessage(UserPage.java:111)
at com.buffalocart.test.UserPageTest.verify_user_can_delete_a_user(UserPageTest.java:171)
at sun.reflect.NativeMethodAccessorImpl.invoke0(Native Method)
at sun.reflect.NativeMethodAccessorImpl.invoke(Unknown Source)
at sun.reflect.DelegatingMethodAccessorImpl.invoke(Unknown Source)
at java.lang.reflect.Method.invoke(Unknown Source)
at org.testng.internal.invokers.MethodInvocationHelper.invokeMethod(MethodInvocationHelper.java:135)
at org.testng.internal.invokers.TestInvoker.invokeMethod(TestInvoker.java:673)
at org.testng.internal.invokers.TestInvoker.invokeTestMethod(TestInvoker.java:220)
at org.testng.internal.invokers.MethodRunner.runInSequence(MethodRunner.java:50)
at org.testng.internal.invokers.TestInvoker$MethodInvocationAgent.invoke(TestInvoker.java:945)
at org.testng.internal.invokers.TestInvoker.invokeTestMethods(TestInvoker.java:193)
at org.testng.internal.invokers.TestMethodWorker.invokeTestMethods(TestMethodWorker.java:146)
at org.testng.internal.invokers.TestMethodWorker.run(TestMethodWorker.java:128)
at java.util.ArrayList.forEach(Unknown Source)
at org.testng.TestRunner.privateRun(TestRunner.java:808)
at org.testng.TestRunner.run(TestRunner.java:603)
at org.testng.SuiteRunner.runTest(SuiteRunner.java:429)
at org.testng.SuiteRunner.runSequentially(SuiteRunner.java:423)
at org.testng.SuiteRunner.privateRun(SuiteRunner.java:383)
at org.testng.SuiteRunner.run(SuiteRunner.java:326)
at org.testng.SuiteRunnerWorker.runSuite(SuiteRunnerWorker.java:52)
at org.testng.SuiteRunnerWorker.run(SuiteRunnerWorker.java:95)
at org.testng.TestNG.runSuitesSequentially(TestNG.java:1249)
at org.testng.TestNG.runSuitesLocally(TestNG.java:1169)
at org.testng.TestNG.runSuites(TestNG.java:1092)
at org.testng.TestNG.run(TestNG.java:1060)
at org.apache.maven.surefire.testng.TestNGExecutor.run(TestNGExecutor.java:284)
at org.apache.maven.surefire.testng.TestNGXmlTestSuite.execute(TestNGXmlTestSuite.java:75)
at org.apache.maven.surefire.testng.TestNGProvider.invoke(TestNGProvider.java:119)
at org.apache.maven.surefire.booter.ForkedBooter.runSuitesInProcess(ForkedBooter.java:428)
at org.apache.maven.surefire.booter.ForkedBooter.execute(ForkedBooter.java:162)
at org.apache.maven.surefire.booter.ForkedBooter.run(ForkedBooter.java:562)
at org.apache.maven.surefire.booter.ForkedBooter.main(ForkedBooter.java:548)
]]>
            </full-stacktrace>
          </exception> <!-- org.openqa.selenium.NoSuchElementException -->
          <reporter-output>
          </reporter-output>
        </test-method> <!-- verify_user_can_delete_a_user -->
        <test-method status="PASS" signature="tearDown(org.testng.ITestResult)[pri:0, instance:com.buffalocart.test.UserPageTest@4de5031f]" name="tearDown" is-config="true" duration-ms="234" started-at="2022-05-06T15:00:09 IST" finished-at="2022-05-06T15:00:10 IST">
          <params>
            <param index="0">
              <value>
                <![CDATA[[TestResult name=verify_user_can_delete_a_user status=FAILURE method=UserPageTest.verify_user_can_delete_a_user()[pri:19, instance:com.buffalocart.test.UserPageTest@4de5031f] output={null}]]]>
              </value>
            </param>
          </params>
          <reporter-output>
          </reporter-output>
        </test-method> <!-- tearDown -->
      </class> <!-- com.buffalocart.test.UserPageTest -->
      <class name="com.buffalocart.test.EditPageTest">
        <test-method status="PASS" signature="setUp()[pri:0, instance:com.buffalocart.test.EditPageTest@55040f2f]" name="setUp" is-config="true" duration-ms="5958" started-at="2022-05-06T14:53:01 IST" finished-at="2022-05-06T14:53:07 IST">
          <reporter-output>
          </reporter-output>
        </test-method> <!-- setUp -->
        <test-method status="PASS" signature="verify_user_can_edit_the_user_details()[pri:17, instance:com.buffalocart.test.EditPageTest@55040f2f]" name="verify_user_can_edit_the_user_details" duration-ms="21534" started-at="2022-05-06T14:53:07 IST" description="TC_017_Verify  user can edit the user details  " finished-at="2022-05-06T14:53:28 IST">
          <reporter-output>
          </reporter-output>
        </test-method> <!-- verify_user_can_edit_the_user_details -->
        <test-method status="PASS" signature="tearDown(org.testng.ITestResult)[pri:0, instance:com.buffalocart.test.EditPageTest@55040f2f]" name="tearDown" is-config="true" duration-ms="1" started-at="2022-05-06T14:53:28 IST" finished-at="2022-05-06T14:53:28 IST">
          <params>
            <param index="0">
              <value>
                <![CDATA[[TestResult name=verify_user_can_edit_the_user_details status=SUCCESS method=EditPageTest.verify_user_can_edit_the_user_details()[pri:17, instance:com.buffalocart.test.EditPageTest@55040f2f] output={null}]]]>
              </value>
            </param>
          </params>
          <reporter-output>
          </reporter-output>
        </test-method> <!-- tearDown -->
        <test-method status="PASS" signature="setUp()[pri:0, instance:com.buffalocart.test.EditPageTest@55040f2f]" name="setUp" is-config="true" duration-ms="5684" started-at="2022-05-06T14:53:28 IST" finished-at="2022-05-06T14:53:34 IST">
          <reporter-output>
          </reporter-output>
        </test-method> <!-- setUp -->
        <test-method status="PASS" signature="verify_Edit_User_page_title()[pri:18, instance:com.buffalocart.test.EditPageTest@55040f2f]" name="verify_Edit_User_page_title" duration-ms="18192" started-at="2022-05-06T14:53:34 IST" description="TC_018_Verify Edit User page title" finished-at="2022-05-06T14:53:52 IST">
          <reporter-output>
          </reporter-output>
        </test-method> <!-- verify_Edit_User_page_title -->
        <test-method status="PASS" signature="tearDown(org.testng.ITestResult)[pri:0, instance:com.buffalocart.test.EditPageTest@55040f2f]" name="tearDown" is-config="true" duration-ms="0" started-at="2022-05-06T14:53:52 IST" finished-at="2022-05-06T14:53:52 IST">
          <params>
            <param index="0">
              <value>
                <![CDATA[[TestResult name=verify_Edit_User_page_title status=SUCCESS method=EditPageTest.verify_Edit_User_page_title()[pri:18, instance:com.buffalocart.test.EditPageTest@55040f2f] output={null}]]]>
              </value>
            </param>
          </params>
          <reporter-output>
          </reporter-output>
        </test-method> <!-- tearDown -->
      </class> <!-- com.buffalocart.test.EditPageTest -->
      <class name="com.buffalocart.test.LoginPageTest">
        <test-method status="PASS" signature="setUp()[pri:0, instance:com.buffalocart.test.LoginPageTest@400cff1a]" name="setUp" is-config="true" duration-ms="6419" started-at="2022-05-06T14:54:47 IST" finished-at="2022-05-06T14:54:53 IST">
          <reporter-output>
          </reporter-output>
        </test-method> <!-- setUp -->
        <test-method status="PASS" signature="verify_Loginpage_Title()[pri:1, instance:com.buffalocart.test.LoginPageTest@400cff1a]" name="verify_Loginpage_Title" duration-ms="29" started-at="2022-05-06T14:54:53 IST" description="TC_001_Verify Login Page Title" finished-at="2022-05-06T14:54:53 IST">
          <reporter-output>
          </reporter-output>
        </test-method> <!-- verify_Loginpage_Title -->
        <test-method status="PASS" signature="tearDown(org.testng.ITestResult)[pri:0, instance:com.buffalocart.test.LoginPageTest@400cff1a]" name="tearDown" is-config="true" duration-ms="1" started-at="2022-05-06T14:54:53 IST" finished-at="2022-05-06T14:54:53 IST">
          <params>
            <param index="0">
              <value>
                <![CDATA[[TestResult name=verify_Loginpage_Title status=SUCCESS method=LoginPageTest.verify_Loginpage_Title()[pri:1, instance:com.buffalocart.test.LoginPageTest@400cff1a] output={null}]]]>
              </value>
            </param>
          </params>
          <reporter-output>
          </reporter-output>
        </test-method> <!-- tearDown -->
        <test-method status="PASS" signature="setUp()[pri:0, instance:com.buffalocart.test.LoginPageTest@400cff1a]" name="setUp" is-config="true" duration-ms="5712" started-at="2022-05-06T14:54:53 IST" finished-at="2022-05-06T14:54:59 IST">
          <reporter-output>
          </reporter-output>
        </test-method> <!-- setUp -->
        <test-method status="PASS" signature="verify_user_login_with_valid_user_credentials()[pri:2, instance:com.buffalocart.test.LoginPageTest@400cff1a]" name="verify_user_login_with_valid_user_credentials" duration-ms="5308" started-at="2022-05-06T14:54:59 IST" description="TC_002_Verify user login with valid user credentials" finished-at="2022-05-06T14:55:04 IST">
          <reporter-output>
          </reporter-output>
        </test-method> <!-- verify_user_login_with_valid_user_credentials -->
        <test-method status="PASS" signature="tearDown(org.testng.ITestResult)[pri:0, instance:com.buffalocart.test.LoginPageTest@400cff1a]" name="tearDown" is-config="true" duration-ms="1" started-at="2022-05-06T14:55:04 IST" finished-at="2022-05-06T14:55:04 IST">
          <params>
            <param index="0">
              <value>
                <![CDATA[[TestResult name=verify_user_login_with_valid_user_credentials status=SUCCESS method=LoginPageTest.verify_user_login_with_valid_user_credentials()[pri:2, instance:com.buffalocart.test.LoginPageTest@400cff1a] output={null}]]]>
              </value>
            </param>
          </params>
          <reporter-output>
          </reporter-output>
        </test-method> <!-- tearDown -->
        <test-method status="PASS" signature="setUp()[pri:0, instance:com.buffalocart.test.LoginPageTest@400cff1a]" name="setUp" is-config="true" duration-ms="8060" started-at="2022-05-06T14:55:04 IST" finished-at="2022-05-06T14:55:12 IST">
          <reporter-output>
          </reporter-output>
        </test-method> <!-- setUp -->
        <test-method status="PASS" signature="verify_whether_the_user_is_able_to_click_on_Remember_me_checkbox()[pri:4, instance:com.buffalocart.test.LoginPageTest@400cff1a]" name="verify_whether_the_user_is_able_to_click_on_Remember_me_checkbox" duration-ms="168" started-at="2022-05-06T14:55:12 IST" description="TC_004_Verify whetehr the user is able to click on &#039;Remember me&#039; checkbox" finished-at="2022-05-06T14:55:13 IST">
          <reporter-output>
          </reporter-output>
        </test-method> <!-- verify_whether_the_user_is_able_to_click_on_Remember_me_checkbox -->
        <test-method status="PASS" signature="tearDown(org.testng.ITestResult)[pri:0, instance:com.buffalocart.test.LoginPageTest@400cff1a]" name="tearDown" is-config="true" duration-ms="0" started-at="2022-05-06T14:55:13 IST" finished-at="2022-05-06T14:55:13 IST">
          <params>
            <param index="0">
              <value>
                <![CDATA[[TestResult name=verify_whether_the_user_is_able_to_click_on_Remember_me_checkbox status=SUCCESS method=LoginPageTest.verify_whether_the_user_is_able_to_click_on_Remember_me_checkbox()[pri:4, instance:com.buffalocart.test.LoginPageTest@400cff1a] output={null}]]]>
              </value>
            </param>
          </params>
          <reporter-output>
          </reporter-output>
        </test-method> <!-- tearDown -->
        <test-method status="PASS" signature="setUp()[pri:0, instance:com.buffalocart.test.LoginPageTest@400cff1a]" name="setUp" is-config="true" duration-ms="6699" started-at="2022-05-06T14:55:13 IST" finished-at="2022-05-06T14:55:19 IST">
          <reporter-output>
          </reporter-output>
        </test-method> <!-- setUp -->
        <test-method status="FAIL" signature="verify_user_login_with_newly_added_user()[pri:14, instance:com.buffalocart.test.LoginPageTest@400cff1a]" name="verify_user_login_with_newly_added_user" duration-ms="1811" started-at="2022-05-06T14:55:19 IST" description="TC_014_Verify user login with newly added user" finished-at="2022-05-06T14:55:21 IST">
          <exception class="org.openqa.selenium.NoSuchElementException">
            <message>
              <![CDATA[no such element: Unable to locate element: {"method":"css selector","selector":"a[class='dropdown-toggle']>span"}
  (Session info: chrome=101.0.4951.54)
For documentation on this error, please visit: https://selenium.dev/exceptions/#no_such_element
Build info: version: '4.1.3', revision: '7b1ebf28ef'
System info: host: 'LAPTOP-V0HJLHIK', ip: '192.168.1.4', os.name: 'Windows 10', os.arch: 'amd64', os.version: '10.0', java.version: '1.8.0_241'
Driver info: org.openqa.selenium.chrome.ChromeDriver
Command: [d4300a2cb366f2570dceff196f8b36da, findElement {using=css selector, value=a[class='dropdown-toggle']>span}]
Capabilities {acceptInsecureCerts: false, browserName: chrome, browserVersion: 101.0.4951.54, chrome: {chromedriverVersion: 101.0.4951.41 (93c720db8323..., userDataDir: C:\Users\USER\AppData\Local...}, goog:chromeOptions: {debuggerAddress: localhost:56274}, javascriptEnabled: true, networkConnectionEnabled: false, pageLoadStrategy: normal, platform: WINDOWS, platformName: WINDOWS, proxy: Proxy(), se:cdp: ws://localhost:56274/devtoo..., se:cdpVersion: 101.0.4951.54, setWindowRect: true, strictFileInteractability: false, timeouts: {implicit: 0, pageLoad: 300000, script: 30000}, unhandledPromptBehavior: dismiss and notify, webauthn:extension:credBlob: true, webauthn:extension:largeBlob: true, webauthn:virtualAuthenticators: true}
Session ID: d4300a2cb366f2570dceff196f8b36da]]>
            </message>
            <full-stacktrace>
              <![CDATA[org.openqa.selenium.NoSuchElementException: no such element: Unable to locate element: {"method":"css selector","selector":"a[class='dropdown-toggle']>span"}
  (Session info: chrome=101.0.4951.54)
For documentation on this error, please visit: https://selenium.dev/exceptions/#no_such_element
Build info: version: '4.1.3', revision: '7b1ebf28ef'
System info: host: 'LAPTOP-V0HJLHIK', ip: '192.168.1.4', os.name: 'Windows 10', os.arch: 'amd64', os.version: '10.0', java.version: '1.8.0_241'
Driver info: org.openqa.selenium.chrome.ChromeDriver
Command: [d4300a2cb366f2570dceff196f8b36da, findElement {using=css selector, value=a[class='dropdown-toggle']>span}]
Capabilities {acceptInsecureCerts: false, browserName: chrome, browserVersion: 101.0.4951.54, chrome: {chromedriverVersion: 101.0.4951.41 (93c720db8323..., userDataDir: C:\Users\USER\AppData\Local...}, goog:chromeOptions: {debuggerAddress: localhost:56274}, javascriptEnabled: true, networkConnectionEnabled: false, pageLoadStrategy: normal, platform: WINDOWS, platformName: WINDOWS, proxy: Proxy(), se:cdp: ws://localhost:56274/devtoo..., se:cdpVersion: 101.0.4951.54, setWindowRect: true, strictFileInteractability: false, timeouts: {implicit: 0, pageLoad: 300000, script: 30000}, unhandledPromptBehavior: dismiss and notify, webauthn:extension:credBlob: true, webauthn:extension:largeBlob: true, webauthn:virtualAuthenticators: true}
Session ID: d4300a2cb366f2570dceff196f8b36da
at sun.reflect.NativeConstructorAccessorImpl.newInstance0(Native Method)
at sun.reflect.NativeConstructorAccessorImpl.newInstance(Unknown Source)
at sun.reflect.DelegatingConstructorAccessorImpl.newInstance(Unknown Source)
at java.lang.reflect.Constructor.newInstance(Unknown Source)
at org.openqa.selenium.remote.codec.w3c.W3CHttpResponseCodec.createException(W3CHttpResponseCodec.java:200)
at org.openqa.selenium.remote.codec.w3c.W3CHttpResponseCodec.decode(W3CHttpResponseCodec.java:133)
at org.openqa.selenium.remote.codec.w3c.W3CHttpResponseCodec.decode(W3CHttpResponseCodec.java:53)
at org.openqa.selenium.remote.HttpCommandExecutor.execute(HttpCommandExecutor.java:184)
at org.openqa.selenium.remote.service.DriverCommandExecutor.invokeExecute(DriverCommandExecutor.java:167)
at org.openqa.selenium.remote.service.DriverCommandExecutor.execute(DriverCommandExecutor.java:142)
at org.openqa.selenium.remote.RemoteWebDriver.execute(RemoteWebDriver.java:567)
at org.openqa.selenium.remote.ElementLocation$ElementFinder$2.findElement(ElementLocation.java:162)
at org.openqa.selenium.remote.ElementLocation.findElement(ElementLocation.java:60)
at org.openqa.selenium.remote.RemoteWebDriver.findElement(RemoteWebDriver.java:385)
at org.openqa.selenium.remote.RemoteWebDriver.findElement(RemoteWebDriver.java:377)
at org.openqa.selenium.support.pagefactory.DefaultElementLocator.findElement(DefaultElementLocator.java:70)
at org.openqa.selenium.support.pagefactory.internal.LocatingElementHandler.invoke(LocatingElementHandler.java:39)
at com.sun.proxy.$Proxy14.getText(Unknown Source)
at com.buffalocart.utilities.PageUtility.getElementText(PageUtility.java:52)
at com.buffalocart.pages.MyAccountPage.getUserAccountName(MyAccountPage.java:73)
at com.buffalocart.test.LoginPageTest.verify_user_login_with_newly_added_user(LoginPageTest.java:99)
at sun.reflect.NativeMethodAccessorImpl.invoke0(Native Method)
at sun.reflect.NativeMethodAccessorImpl.invoke(Unknown Source)
at sun.reflect.DelegatingMethodAccessorImpl.invoke(Unknown Source)
at java.lang.reflect.Method.invoke(Unknown Source)
at org.testng.internal.invokers.MethodInvocationHelper.invokeMethod(MethodInvocationHelper.java:135)
at org.testng.internal.invokers.TestInvoker.invokeMethod(TestInvoker.java:673)
at org.testng.internal.invokers.TestInvoker.invokeTestMethod(TestInvoker.java:220)
at org.testng.internal.invokers.MethodRunner.runInSequence(MethodRunner.java:50)
at org.testng.internal.invokers.TestInvoker$MethodInvocationAgent.invoke(TestInvoker.java:945)
at org.testng.internal.invokers.TestInvoker.invokeTestMethods(TestInvoker.java:193)
at org.testng.internal.invokers.TestMethodWorker.invokeTestMethods(TestMethodWorker.java:146)
at org.testng.internal.invokers.TestMethodWorker.run(TestMethodWorker.java:128)
at java.util.ArrayList.forEach(Unknown Source)
at org.testng.TestRunner.privateRun(TestRunner.java:808)
at org.testng.TestRunner.run(TestRunner.java:603)
at org.testng.SuiteRunner.runTest(SuiteRunner.java:429)
at org.testng.SuiteRunner.runSequentially(SuiteRunner.java:423)
at org.testng.SuiteRunner.privateRun(SuiteRunner.java:383)
at org.testng.SuiteRunner.run(SuiteRunner.java:326)
at org.testng.SuiteRunnerWorker.runSuite(SuiteRunnerWorker.java:52)
at org.testng.SuiteRunnerWorker.run(SuiteRunnerWorker.java:95)
at org.testng.TestNG.runSuitesSequentially(TestNG.java:1249)
at org.testng.TestNG.runSuitesLocally(TestNG.java:1169)
at org.testng.TestNG.runSuites(TestNG.java:1092)
at org.testng.TestNG.run(TestNG.java:1060)
at org.apache.maven.surefire.testng.TestNGExecutor.run(TestNGExecutor.java:284)
at org.apache.maven.surefire.testng.TestNGXmlTestSuite.execute(TestNGXmlTestSuite.java:75)
at org.apache.maven.surefire.testng.TestNGProvider.invoke(TestNGProvider.java:119)
at org.apache.maven.surefire.booter.ForkedBooter.runSuitesInProcess(ForkedBooter.java:428)
at org.apache.maven.surefire.booter.ForkedBooter.execute(ForkedBooter.java:162)
at org.apache.maven.surefire.booter.ForkedBooter.run(ForkedBooter.java:562)
at org.apache.maven.surefire.booter.ForkedBooter.main(ForkedBooter.java:548)
]]>
            </full-stacktrace>
          </exception> <!-- org.openqa.selenium.NoSuchElementException -->
          <reporter-output>
          </reporter-output>
        </test-method> <!-- verify_user_login_with_newly_added_user -->
        <test-method status="PASS" signature="tearDown(org.testng.ITestResult)[pri:0, instance:com.buffalocart.test.LoginPageTest@400cff1a]" name="tearDown" is-config="true" duration-ms="267" started-at="2022-05-06T14:55:21 IST" finished-at="2022-05-06T14:55:21 IST">
          <params>
            <param index="0">
              <value>
                <![CDATA[[TestResult name=verify_user_login_with_newly_added_user status=FAILURE method=LoginPageTest.verify_user_login_with_newly_added_user()[pri:14, instance:com.buffalocart.test.LoginPageTest@400cff1a] output={null}]]]>
              </value>
            </param>
          </params>
          <reporter-output>
          </reporter-output>
        </test-method> <!-- tearDown -->
      </class> <!-- com.buffalocart.test.LoginPageTest -->
      <class name="com.buffalocart.test.SalesCommissionAgentPageTest">
        <test-method status="PASS" signature="setUp()[pri:0, instance:com.buffalocart.test.SalesCommissionAgentPageTest@52aa2946]" name="setUp" is-config="true" duration-ms="12871" started-at="2022-05-06T14:57:11 IST" finished-at="2022-05-06T14:57:24 IST">
          <reporter-output>
          </reporter-output>
        </test-method> <!-- setUp -->
        <test-method status="PASS" signature="verify_Sales_Commission_Agents_page_title()[pri:28, instance:com.buffalocart.test.SalesCommissionAgentPageTest@52aa2946]" name="verify_Sales_Commission_Agents_page_title" duration-ms="11671" started-at="2022-05-06T14:57:24 IST" description="TC_028_ Verify  Sales Commission Agents page title" finished-at="2022-05-06T14:57:35 IST">
          <reporter-output>
          </reporter-output>
        </test-method> <!-- verify_Sales_Commission_Agents_page_title -->
        <test-method status="PASS" signature="tearDown(org.testng.ITestResult)[pri:0, instance:com.buffalocart.test.SalesCommissionAgentPageTest@52aa2946]" name="tearDown" is-config="true" duration-ms="0" started-at="2022-05-06T14:57:35 IST" finished-at="2022-05-06T14:57:35 IST">
          <params>
            <param index="0">
              <value>
                <![CDATA[[TestResult name=verify_Sales_Commission_Agents_page_title status=SUCCESS method=SalesCommissionAgentPageTest.verify_Sales_Commission_Agents_page_title()[pri:28, instance:com.buffalocart.test.SalesCommissionAgentPageTest@52aa2946] output={null}]]]>
              </value>
            </param>
          </params>
          <reporter-output>
          </reporter-output>
        </test-method> <!-- tearDown -->
        <test-method status="PASS" signature="setUp()[pri:0, instance:com.buffalocart.test.SalesCommissionAgentPageTest@52aa2946]" name="setUp" is-config="true" duration-ms="7592" started-at="2022-05-06T14:57:35 IST" finished-at="2022-05-06T14:57:43 IST">
          <reporter-output>
          </reporter-output>
        </test-method> <!-- setUp -->
        <test-method status="PASS" signature="Verify_user_can_add_sales_agent()[pri:29, instance:com.buffalocart.test.SalesCommissionAgentPageTest@52aa2946]" name="Verify_user_can_add_sales_agent" duration-ms="17863" started-at="2022-05-06T14:57:43 IST" description="TC_029_ Verify  user can add sales  agent " finished-at="2022-05-06T14:58:01 IST">
          <reporter-output>
          </reporter-output>
        </test-method> <!-- Verify_user_can_add_sales_agent -->
        <test-method status="PASS" signature="setUp()[pri:0, instance:com.buffalocart.test.SalesCommissionAgentPageTest@52aa2946]" name="setUp" is-config="true" duration-ms="6453" started-at="2022-05-06T14:58:01 IST" finished-at="2022-05-06T14:58:07 IST">
          <reporter-output>
          </reporter-output>
        </test-method> <!-- setUp -->
        <test-method status="PASS" signature="tearDown(org.testng.ITestResult)[pri:0, instance:com.buffalocart.test.SalesCommissionAgentPageTest@52aa2946]" name="tearDown" is-config="true" duration-ms="0" started-at="2022-05-06T14:58:01 IST" finished-at="2022-05-06T14:58:01 IST">
          <params>
            <param index="0">
              <value>
                <![CDATA[[TestResult name=Verify_user_can_add_sales_agent status=SUCCESS method=SalesCommissionAgentPageTest.Verify_user_can_add_sales_agent()[pri:29, instance:com.buffalocart.test.SalesCommissionAgentPageTest@52aa2946] output={null}]]]>
              </value>
            </param>
          </params>
          <reporter-output>
          </reporter-output>
        </test-method> <!-- tearDown -->
        <test-method status="FAIL" signature="verify_Edit_sales_agent_details()[pri:30, instance:com.buffalocart.test.SalesCommissionAgentPageTest@52aa2946]" name="verify_Edit_sales_agent_details" duration-ms="14972" started-at="2022-05-06T14:58:07 IST" description="TC_030_ Verify Edit sales agent details" finished-at="2022-05-06T14:58:22 IST">
          <exception class="org.openqa.selenium.NoSuchElementException">
            <message>
              <![CDATA[no such element: Unable to locate element: {"method":"xpath","selector":"//button[@class='btn btn-xs btn-modal btn-primary']"}
  (Session info: chrome=101.0.4951.54)
For documentation on this error, please visit: https://selenium.dev/exceptions/#no_such_element
Build info: version: '4.1.3', revision: '7b1ebf28ef'
System info: host: 'LAPTOP-V0HJLHIK', ip: '192.168.1.4', os.name: 'Windows 10', os.arch: 'amd64', os.version: '10.0', java.version: '1.8.0_241'
Driver info: org.openqa.selenium.chrome.ChromeDriver
Command: [2f4a9dbb498ed397c1888b368a3e46e3, findElement {using=xpath, value=//button[@class='btn btn-xs btn-modal btn-primary']}]
Capabilities {acceptInsecureCerts: false, browserName: chrome, browserVersion: 101.0.4951.54, chrome: {chromedriverVersion: 101.0.4951.41 (93c720db8323..., userDataDir: C:\Users\USER\AppData\Local...}, goog:chromeOptions: {debuggerAddress: localhost:56727}, javascriptEnabled: true, networkConnectionEnabled: false, pageLoadStrategy: normal, platform: WINDOWS, platformName: WINDOWS, proxy: Proxy(), se:cdp: ws://localhost:56727/devtoo..., se:cdpVersion: 101.0.4951.54, setWindowRect: true, strictFileInteractability: false, timeouts: {implicit: 0, pageLoad: 300000, script: 30000}, unhandledPromptBehavior: dismiss and notify, webauthn:extension:credBlob: true, webauthn:extension:largeBlob: true, webauthn:virtualAuthenticators: true}
Session ID: 2f4a9dbb498ed397c1888b368a3e46e3]]>
            </message>
            <full-stacktrace>
              <![CDATA[org.openqa.selenium.NoSuchElementException: no such element: Unable to locate element: {"method":"xpath","selector":"//button[@class='btn btn-xs btn-modal btn-primary']"}
  (Session info: chrome=101.0.4951.54)
For documentation on this error, please visit: https://selenium.dev/exceptions/#no_such_element
Build info: version: '4.1.3', revision: '7b1ebf28ef'
System info: host: 'LAPTOP-V0HJLHIK', ip: '192.168.1.4', os.name: 'Windows 10', os.arch: 'amd64', os.version: '10.0', java.version: '1.8.0_241'
Driver info: org.openqa.selenium.chrome.ChromeDriver
Command: [2f4a9dbb498ed397c1888b368a3e46e3, findElement {using=xpath, value=//button[@class='btn btn-xs btn-modal btn-primary']}]
Capabilities {acceptInsecureCerts: false, browserName: chrome, browserVersion: 101.0.4951.54, chrome: {chromedriverVersion: 101.0.4951.41 (93c720db8323..., userDataDir: C:\Users\USER\AppData\Local...}, goog:chromeOptions: {debuggerAddress: localhost:56727}, javascriptEnabled: true, networkConnectionEnabled: false, pageLoadStrategy: normal, platform: WINDOWS, platformName: WINDOWS, proxy: Proxy(), se:cdp: ws://localhost:56727/devtoo..., se:cdpVersion: 101.0.4951.54, setWindowRect: true, strictFileInteractability: false, timeouts: {implicit: 0, pageLoad: 300000, script: 30000}, unhandledPromptBehavior: dismiss and notify, webauthn:extension:credBlob: true, webauthn:extension:largeBlob: true, webauthn:virtualAuthenticators: true}
Session ID: 2f4a9dbb498ed397c1888b368a3e46e3
at sun.reflect.NativeConstructorAccessorImpl.newInstance0(Native Method)
at sun.reflect.NativeConstructorAccessorImpl.newInstance(Unknown Source)
at sun.reflect.DelegatingConstructorAccessorImpl.newInstance(Unknown Source)
at java.lang.reflect.Constructor.newInstance(Unknown Source)
at org.openqa.selenium.remote.codec.w3c.W3CHttpResponseCodec.createException(W3CHttpResponseCodec.java:200)
at org.openqa.selenium.remote.codec.w3c.W3CHttpResponseCodec.decode(W3CHttpResponseCodec.java:133)
at org.openqa.selenium.remote.codec.w3c.W3CHttpResponseCodec.decode(W3CHttpResponseCodec.java:53)
at org.openqa.selenium.remote.HttpCommandExecutor.execute(HttpCommandExecutor.java:184)
at org.openqa.selenium.remote.service.DriverCommandExecutor.invokeExecute(DriverCommandExecutor.java:167)
at org.openqa.selenium.remote.service.DriverCommandExecutor.execute(DriverCommandExecutor.java:142)
at org.openqa.selenium.remote.RemoteWebDriver.execute(RemoteWebDriver.java:567)
at org.openqa.selenium.remote.ElementLocation$ElementFinder$2.findElement(ElementLocation.java:162)
at org.openqa.selenium.remote.ElementLocation.findElement(ElementLocation.java:60)
at org.openqa.selenium.remote.RemoteWebDriver.findElement(RemoteWebDriver.java:385)
at org.openqa.selenium.remote.RemoteWebDriver.findElement(RemoteWebDriver.java:377)
at org.openqa.selenium.support.pagefactory.DefaultElementLocator.findElement(DefaultElementLocator.java:70)
at org.openqa.selenium.support.pagefactory.internal.LocatingElementHandler.invoke(LocatingElementHandler.java:39)
at com.sun.proxy.$Proxy14.click(Unknown Source)
at com.buffalocart.utilities.PageUtility.clickOnElement(PageUtility.java:30)
at com.buffalocart.pages.SalesCommissionAgentPage.clickOnSalesCommissionEditButton(SalesCommissionAgentPage.java:125)
at com.buffalocart.test.SalesCommissionAgentPageTest.verify_Edit_sales_agent_details(SalesCommissionAgentPageTest.java:127)
at sun.reflect.NativeMethodAccessorImpl.invoke0(Native Method)
at sun.reflect.NativeMethodAccessorImpl.invoke(Unknown Source)
at sun.reflect.DelegatingMethodAccessorImpl.invoke(Unknown Source)
at java.lang.reflect.Method.invoke(Unknown Source)
at org.testng.internal.invokers.MethodInvocationHelper.invokeMethod(MethodInvocationHelper.java:135)
at org.testng.internal.invokers.TestInvoker.invokeMethod(TestInvoker.java:673)
at org.testng.internal.invokers.TestInvoker.invokeTestMethod(TestInvoker.java:220)
at org.testng.internal.invokers.MethodRunner.runInSequence(MethodRunner.java:50)
at org.testng.internal.invokers.TestInvoker$MethodInvocationAgent.invoke(TestInvoker.java:945)
at org.testng.internal.invokers.TestInvoker.invokeTestMethods(TestInvoker.java:193)
at org.testng.internal.invokers.TestMethodWorker.invokeTestMethods(TestMethodWorker.java:146)
at org.testng.internal.invokers.TestMethodWorker.run(TestMethodWorker.java:128)
at java.util.ArrayList.forEach(Unknown Source)
at org.testng.TestRunner.privateRun(TestRunner.java:808)
at org.testng.TestRunner.run(TestRunner.java:603)
at org.testng.SuiteRunner.runTest(SuiteRunner.java:429)
at org.testng.SuiteRunner.runSequentially(SuiteRunner.java:423)
at org.testng.SuiteRunner.privateRun(SuiteRunner.java:383)
at org.testng.SuiteRunner.run(SuiteRunner.java:326)
at org.testng.SuiteRunnerWorker.runSuite(SuiteRunnerWorker.java:52)
at org.testng.SuiteRunnerWorker.run(SuiteRunnerWorker.java:95)
at org.testng.TestNG.runSuitesSequentially(TestNG.java:1249)
at org.testng.TestNG.runSuitesLocally(TestNG.java:1169)
at org.testng.TestNG.runSuites(TestNG.java:1092)
at org.testng.TestNG.run(TestNG.java:1060)
at org.apache.maven.surefire.testng.TestNGExecutor.run(TestNGExecutor.java:284)
at org.apache.maven.surefire.testng.TestNGXmlTestSuite.execute(TestNGXmlTestSuite.java:75)
at org.apache.maven.surefire.testng.TestNGProvider.invoke(TestNGProvider.java:119)
at org.apache.maven.surefire.booter.ForkedBooter.runSuitesInProcess(ForkedBooter.java:428)
at org.apache.maven.surefire.booter.ForkedBooter.execute(ForkedBooter.java:162)
at org.apache.maven.surefire.booter.ForkedBooter.run(ForkedBooter.java:562)
at org.apache.maven.surefire.booter.ForkedBooter.main(ForkedBooter.java:548)
]]>
            </full-stacktrace>
          </exception> <!-- org.openqa.selenium.NoSuchElementException -->
          <reporter-output>
          </reporter-output>
        </test-method> <!-- verify_Edit_sales_agent_details -->
        <test-method status="PASS" signature="tearDown(org.testng.ITestResult)[pri:0, instance:com.buffalocart.test.SalesCommissionAgentPageTest@52aa2946]" name="tearDown" is-config="true" duration-ms="185" started-at="2022-05-06T14:58:22 IST" finished-at="2022-05-06T14:58:22 IST">
          <params>
            <param index="0">
              <value>
                <![CDATA[[TestResult name=verify_Edit_sales_agent_details status=FAILURE method=SalesCommissionAgentPageTest.verify_Edit_sales_agent_details()[pri:30, instance:com.buffalocart.test.SalesCommissionAgentPageTest@52aa2946] output={null}]]]>
              </value>
            </param>
          </params>
          <reporter-output>
          </reporter-output>
        </test-method> <!-- tearDown -->
        <test-method status="PASS" signature="setUp()[pri:0, instance:com.buffalocart.test.SalesCommissionAgentPageTest@52aa2946]" name="setUp" is-config="true" duration-ms="7229" started-at="2022-05-06T14:58:22 IST" finished-at="2022-05-06T14:58:30 IST">
          <reporter-output>
          </reporter-output>
        </test-method> <!-- setUp -->
        <test-method status="FAIL" signature="verify_user_can_delete_a_Sales_Commission_Agents()[pri:31, instance:com.buffalocart.test.SalesCommissionAgentPageTest@52aa2946]" name="verify_user_can_delete_a_Sales_Commission_Agents" duration-ms="14227" started-at="2022-05-06T14:58:30 IST" description="TC_031_ Verify user can delete a Sales Commission Agents" finished-at="2022-05-06T14:58:44 IST">
          <exception class="org.openqa.selenium.NoSuchElementException">
            <message>
              <![CDATA[no such element: Unable to locate element: {"method":"xpath","selector":"//button[@class='btn btn-xs btn-modal btn-primary']/following-sibling::button"}
  (Session info: chrome=101.0.4951.54)
For documentation on this error, please visit: https://selenium.dev/exceptions/#no_such_element
Build info: version: '4.1.3', revision: '7b1ebf28ef'
System info: host: 'LAPTOP-V0HJLHIK', ip: '192.168.1.4', os.name: 'Windows 10', os.arch: 'amd64', os.version: '10.0', java.version: '1.8.0_241'
Driver info: org.openqa.selenium.chrome.ChromeDriver
Command: [80b941d6625609be3b2e519b26a6e653, findElement {using=xpath, value=//button[@class='btn btn-xs btn-modal btn-primary']/following-sibling::button}]
Capabilities {acceptInsecureCerts: false, browserName: chrome, browserVersion: 101.0.4951.54, chrome: {chromedriverVersion: 101.0.4951.41 (93c720db8323..., userDataDir: C:\Users\USER\AppData\Local...}, goog:chromeOptions: {debuggerAddress: localhost:56778}, javascriptEnabled: true, networkConnectionEnabled: false, pageLoadStrategy: normal, platform: WINDOWS, platformName: WINDOWS, proxy: Proxy(), se:cdp: ws://localhost:56778/devtoo..., se:cdpVersion: 101.0.4951.54, setWindowRect: true, strictFileInteractability: false, timeouts: {implicit: 0, pageLoad: 300000, script: 30000}, unhandledPromptBehavior: dismiss and notify, webauthn:extension:credBlob: true, webauthn:extension:largeBlob: true, webauthn:virtualAuthenticators: true}
Session ID: 80b941d6625609be3b2e519b26a6e653]]>
            </message>
            <full-stacktrace>
              <![CDATA[org.openqa.selenium.NoSuchElementException: no such element: Unable to locate element: {"method":"xpath","selector":"//button[@class='btn btn-xs btn-modal btn-primary']/following-sibling::button"}
  (Session info: chrome=101.0.4951.54)
For documentation on this error, please visit: https://selenium.dev/exceptions/#no_such_element
Build info: version: '4.1.3', revision: '7b1ebf28ef'
System info: host: 'LAPTOP-V0HJLHIK', ip: '192.168.1.4', os.name: 'Windows 10', os.arch: 'amd64', os.version: '10.0', java.version: '1.8.0_241'
Driver info: org.openqa.selenium.chrome.ChromeDriver
Command: [80b941d6625609be3b2e519b26a6e653, findElement {using=xpath, value=//button[@class='btn btn-xs btn-modal btn-primary']/following-sibling::button}]
Capabilities {acceptInsecureCerts: false, browserName: chrome, browserVersion: 101.0.4951.54, chrome: {chromedriverVersion: 101.0.4951.41 (93c720db8323..., userDataDir: C:\Users\USER\AppData\Local...}, goog:chromeOptions: {debuggerAddress: localhost:56778}, javascriptEnabled: true, networkConnectionEnabled: false, pageLoadStrategy: normal, platform: WINDOWS, platformName: WINDOWS, proxy: Proxy(), se:cdp: ws://localhost:56778/devtoo..., se:cdpVersion: 101.0.4951.54, setWindowRect: true, strictFileInteractability: false, timeouts: {implicit: 0, pageLoad: 300000, script: 30000}, unhandledPromptBehavior: dismiss and notify, webauthn:extension:credBlob: true, webauthn:extension:largeBlob: true, webauthn:virtualAuthenticators: true}
Session ID: 80b941d6625609be3b2e519b26a6e653
at sun.reflect.NativeConstructorAccessorImpl.newInstance0(Native Method)
at sun.reflect.NativeConstructorAccessorImpl.newInstance(Unknown Source)
at sun.reflect.DelegatingConstructorAccessorImpl.newInstance(Unknown Source)
at java.lang.reflect.Constructor.newInstance(Unknown Source)
at org.openqa.selenium.remote.codec.w3c.W3CHttpResponseCodec.createException(W3CHttpResponseCodec.java:200)
at org.openqa.selenium.remote.codec.w3c.W3CHttpResponseCodec.decode(W3CHttpResponseCodec.java:133)
at org.openqa.selenium.remote.codec.w3c.W3CHttpResponseCodec.decode(W3CHttpResponseCodec.java:53)
at org.openqa.selenium.remote.HttpCommandExecutor.execute(HttpCommandExecutor.java:184)
at org.openqa.selenium.remote.service.DriverCommandExecutor.invokeExecute(DriverCommandExecutor.java:167)
at org.openqa.selenium.remote.service.DriverCommandExecutor.execute(DriverCommandExecutor.java:142)
at org.openqa.selenium.remote.RemoteWebDriver.execute(RemoteWebDriver.java:567)
at org.openqa.selenium.remote.ElementLocation$ElementFinder$2.findElement(ElementLocation.java:162)
at org.openqa.selenium.remote.ElementLocation.findElement(ElementLocation.java:60)
at org.openqa.selenium.remote.RemoteWebDriver.findElement(RemoteWebDriver.java:385)
at org.openqa.selenium.remote.RemoteWebDriver.findElement(RemoteWebDriver.java:377)
at org.openqa.selenium.support.pagefactory.DefaultElementLocator.findElement(DefaultElementLocator.java:70)
at org.openqa.selenium.support.pagefactory.internal.LocatingElementHandler.invoke(LocatingElementHandler.java:39)
at com.sun.proxy.$Proxy14.click(Unknown Source)
at com.buffalocart.utilities.PageUtility.clickOnElement(PageUtility.java:30)
at com.buffalocart.pages.SalesCommissionAgentPage.clickOnSalesCommissionDeleteButton(SalesCommissionAgentPage.java:129)
at com.buffalocart.test.SalesCommissionAgentPageTest.verify_user_can_delete_a_Sales_Commission_Agents(SalesCommissionAgentPageTest.java:177)
at sun.reflect.NativeMethodAccessorImpl.invoke0(Native Method)
at sun.reflect.NativeMethodAccessorImpl.invoke(Unknown Source)
at sun.reflect.DelegatingMethodAccessorImpl.invoke(Unknown Source)
at java.lang.reflect.Method.invoke(Unknown Source)
at org.testng.internal.invokers.MethodInvocationHelper.invokeMethod(MethodInvocationHelper.java:135)
at org.testng.internal.invokers.TestInvoker.invokeMethod(TestInvoker.java:673)
at org.testng.internal.invokers.TestInvoker.invokeTestMethod(TestInvoker.java:220)
at org.testng.internal.invokers.MethodRunner.runInSequence(MethodRunner.java:50)
at org.testng.internal.invokers.TestInvoker$MethodInvocationAgent.invoke(TestInvoker.java:945)
at org.testng.internal.invokers.TestInvoker.invokeTestMethods(TestInvoker.java:193)
at org.testng.internal.invokers.TestMethodWorker.invokeTestMethods(TestMethodWorker.java:146)
at org.testng.internal.invokers.TestMethodWorker.run(TestMethodWorker.java:128)
at java.util.ArrayList.forEach(Unknown Source)
at org.testng.TestRunner.privateRun(TestRunner.java:808)
at org.testng.TestRunner.run(TestRunner.java:603)
at org.testng.SuiteRunner.runTest(SuiteRunner.java:429)
at org.testng.SuiteRunner.runSequentially(SuiteRunner.java:423)
at org.testng.SuiteRunner.privateRun(SuiteRunner.java:383)
at org.testng.SuiteRunner.run(SuiteRunner.java:326)
at org.testng.SuiteRunnerWorker.runSuite(SuiteRunnerWorker.java:52)
at org.testng.SuiteRunnerWorker.run(SuiteRunnerWorker.java:95)
at org.testng.TestNG.runSuitesSequentially(TestNG.java:1249)
at org.testng.TestNG.runSuitesLocally(TestNG.java:1169)
at org.testng.TestNG.runSuites(TestNG.java:1092)
at org.testng.TestNG.run(TestNG.java:1060)
at org.apache.maven.surefire.testng.TestNGExecutor.run(TestNGExecutor.java:284)
at org.apache.maven.surefire.testng.TestNGXmlTestSuite.execute(TestNGXmlTestSuite.java:75)
at org.apache.maven.surefire.testng.TestNGProvider.invoke(TestNGProvider.java:119)
at org.apache.maven.surefire.booter.ForkedBooter.runSuitesInProcess(ForkedBooter.java:428)
at org.apache.maven.surefire.booter.ForkedBooter.execute(ForkedBooter.java:162)
at org.apache.maven.surefire.booter.ForkedBooter.run(ForkedBooter.java:562)
at org.apache.maven.surefire.booter.ForkedBooter.main(ForkedBooter.java:548)
]]>
            </full-stacktrace>
          </exception> <!-- org.openqa.selenium.NoSuchElementException -->
          <reporter-output>
          </reporter-output>
        </test-method> <!-- verify_user_can_delete_a_Sales_Commission_Agents -->
        <test-method status="PASS" signature="tearDown(org.testng.ITestResult)[pri:0, instance:com.buffalocart.test.SalesCommissionAgentPageTest@52aa2946]" name="tearDown" is-config="true" duration-ms="151" started-at="2022-05-06T14:58:44 IST" finished-at="2022-05-06T14:58:44 IST">
          <params>
            <param index="0">
              <value>
                <![CDATA[[TestResult name=verify_user_can_delete_a_Sales_Commission_Agents status=FAILURE method=SalesCommissionAgentPageTest.verify_user_can_delete_a_Sales_Commission_Agents()[pri:31, instance:com.buffalocart.test.SalesCommissionAgentPageTest@52aa2946] output={null}]]]>
              </value>
            </param>
          </params>
          <reporter-output>
          </reporter-output>
        </test-method> <!-- tearDown -->
      </class> <!-- com.buffalocart.test.SalesCommissionAgentPageTest -->
      <class name="com.buffalocart.test.EditRolePageTest">
        <test-method status="PASS" signature="setUp()[pri:0, instance:com.buffalocart.test.EditRolePageTest@64c87930]" name="setUp" is-config="true" duration-ms="6236" started-at="2022-05-06T14:53:52 IST" finished-at="2022-05-06T14:53:59 IST">
          <reporter-output>
          </reporter-output>
        </test-method> <!-- setUp -->
        <test-method status="PASS" signature="verify_Edit_Role_page_title()[pri:24, instance:com.buffalocart.test.EditRolePageTest@64c87930]" name="verify_Edit_Role_page_title" duration-ms="17189" started-at="2022-05-06T14:53:59 IST" description="TC_024_ Verify Edit Role page title" finished-at="2022-05-06T14:54:16 IST">
          <reporter-output>
          </reporter-output>
        </test-method> <!-- verify_Edit_Role_page_title -->
        <test-method status="PASS" signature="setUp()[pri:0, instance:com.buffalocart.test.EditRolePageTest@64c87930]" name="setUp" is-config="true" duration-ms="5997" started-at="2022-05-06T14:54:16 IST" finished-at="2022-05-06T14:54:22 IST">
          <reporter-output>
          </reporter-output>
        </test-method> <!-- setUp -->
        <test-method status="PASS" signature="tearDown(org.testng.ITestResult)[pri:0, instance:com.buffalocart.test.EditRolePageTest@64c87930]" name="tearDown" is-config="true" duration-ms="0" started-at="2022-05-06T14:54:16 IST" finished-at="2022-05-06T14:54:16 IST">
          <params>
            <param index="0">
              <value>
                <![CDATA[[TestResult name=verify_Edit_Role_page_title status=SUCCESS method=EditRolePageTest.verify_Edit_Role_page_title()[pri:24, instance:com.buffalocart.test.EditRolePageTest@64c87930] output={null}]]]>
              </value>
            </param>
          </params>
          <reporter-output>
          </reporter-output>
        </test-method> <!-- tearDown -->
        <test-method status="PASS" signature="verify_user_can_update_a_role()[pri:25, instance:com.buffalocart.test.EditRolePageTest@64c87930]" name="verify_user_can_update_a_role" duration-ms="25179" started-at="2022-05-06T14:54:22 IST" description="TC_025_ Verify user can update  a role " finished-at="2022-05-06T14:54:47 IST">
          <reporter-output>
          </reporter-output>
        </test-method> <!-- verify_user_can_update_a_role -->
        <test-method status="PASS" signature="tearDown(org.testng.ITestResult)[pri:0, instance:com.buffalocart.test.EditRolePageTest@64c87930]" name="tearDown" is-config="true" duration-ms="1" started-at="2022-05-06T14:54:47 IST" finished-at="2022-05-06T14:54:47 IST">
          <params>
            <param index="0">
              <value>
                <![CDATA[[TestResult name=verify_user_can_update_a_role status=SUCCESS method=EditRolePageTest.verify_user_can_update_a_role()[pri:25, instance:com.buffalocart.test.EditRolePageTest@64c87930] output={null}]]]>
              </value>
            </param>
          </params>
          <reporter-output>
          </reporter-output>
        </test-method> <!-- tearDown -->
      </class> <!-- com.buffalocart.test.EditRolePageTest -->
      <class name="com.buffalocart.test.MyAccountPageTest">
        <test-method status="PASS" signature="setUp()[pri:0, instance:com.buffalocart.test.MyAccountPageTest@275710fc]" name="setUp" is-config="true" duration-ms="6762" started-at="2022-05-06T14:55:21 IST" finished-at="2022-05-06T14:55:28 IST">
          <reporter-output>
          </reporter-output>
        </test-method> <!-- setUp -->
        <test-method status="PASS" signature="verify_home_page_tilte()[pri:6, instance:com.buffalocart.test.MyAccountPageTest@275710fc]" name="verify_home_page_tilte" duration-ms="4534" started-at="2022-05-06T14:55:28 IST" description="TC_006_Verify Home Page Title" finished-at="2022-05-06T14:55:33 IST">
          <reporter-output>
          </reporter-output>
        </test-method> <!-- verify_home_page_tilte -->
        <test-method status="PASS" signature="tearDown(org.testng.ITestResult)[pri:0, instance:com.buffalocart.test.MyAccountPageTest@275710fc]" name="tearDown" is-config="true" duration-ms="0" started-at="2022-05-06T14:55:33 IST" finished-at="2022-05-06T14:55:33 IST">
          <params>
            <param index="0">
              <value>
                <![CDATA[[TestResult name=verify_home_page_tilte status=SUCCESS method=MyAccountPageTest.verify_home_page_tilte()[pri:6, instance:com.buffalocart.test.MyAccountPageTest@275710fc] output={null}]]]>
              </value>
            </param>
          </params>
          <reporter-output>
          </reporter-output>
        </test-method> <!-- tearDown -->
        <test-method status="PASS" signature="setUp()[pri:0, instance:com.buffalocart.test.MyAccountPageTest@275710fc]" name="setUp" is-config="true" duration-ms="6534" started-at="2022-05-06T14:55:33 IST" finished-at="2022-05-06T14:55:39 IST">
          <reporter-output>
          </reporter-output>
        </test-method> <!-- setUp -->
        <test-method status="PASS" signature="Verify_date_displeyed_in_home_page()[pri:7, instance:com.buffalocart.test.MyAccountPageTest@275710fc]" name="Verify_date_displeyed_in_home_page" duration-ms="4867" started-at="2022-05-06T14:55:39 IST" description="TC_007_Verify date displayed in home page " finished-at="2022-05-06T14:55:44 IST">
          <reporter-output>
          </reporter-output>
        </test-method> <!-- Verify_date_displeyed_in_home_page -->
        <test-method status="PASS" signature="setUp()[pri:0, instance:com.buffalocart.test.MyAccountPageTest@275710fc]" name="setUp" is-config="true" duration-ms="6861" started-at="2022-05-06T14:55:44 IST" finished-at="2022-05-06T14:55:51 IST">
          <reporter-output>
          </reporter-output>
        </test-method> <!-- setUp -->
        <test-method status="PASS" signature="tearDown(org.testng.ITestResult)[pri:0, instance:com.buffalocart.test.MyAccountPageTest@275710fc]" name="tearDown" is-config="true" duration-ms="0" started-at="2022-05-06T14:55:44 IST" finished-at="2022-05-06T14:55:44 IST">
          <params>
            <param index="0">
              <value>
                <![CDATA[[TestResult name=Verify_date_displeyed_in_home_page status=SUCCESS method=MyAccountPageTest.Verify_date_displeyed_in_home_page()[pri:7, instance:com.buffalocart.test.MyAccountPageTest@275710fc] output={null}]]]>
              </value>
            </param>
          </params>
          <reporter-output>
          </reporter-output>
        </test-method> <!-- tearDown -->
        <test-method status="PASS" signature="Verify_whether_user_is_navigating_to_login_page_by_clicking_on_Sign_out_button()[pri:8, instance:com.buffalocart.test.MyAccountPageTest@275710fc]" name="Verify_whether_user_is_navigating_to_login_page_by_clicking_on_Sign_out_button" duration-ms="6450" started-at="2022-05-06T14:55:51 IST" description="TC_008_Verify whether user is navigating to login page by clicking on Sign out button" finished-at="2022-05-06T14:55:57 IST">
          <reporter-output>
          </reporter-output>
        </test-method> <!-- Verify_whether_user_is_navigating_to_login_page_by_clicking_on_Sign_out_button -->
        <test-method status="PASS" signature="tearDown(org.testng.ITestResult)[pri:0, instance:com.buffalocart.test.MyAccountPageTest@275710fc]" name="tearDown" is-config="true" duration-ms="0" started-at="2022-05-06T14:55:57 IST" finished-at="2022-05-06T14:55:57 IST">
          <params>
            <param index="0">
              <value>
                <![CDATA[[TestResult name=Verify_whether_user_is_navigating_to_login_page_by_clicking_on_Sign_out_button status=SUCCESS method=MyAccountPageTest.Verify_whether_user_is_navigating_to_login_page_by_clicking_on_Sign_out_button()[pri:8, instance:com.buffalocart.test.MyAccountPageTest@275710fc] output={null}]]]>
              </value>
            </param>
          </params>
          <reporter-output>
          </reporter-output>
        </test-method> <!-- tearDown -->
        <test-method status="PASS" signature="setUp()[pri:0, instance:com.buffalocart.test.MyAccountPageTest@275710fc]" name="setUp" is-config="true" duration-ms="6861" started-at="2022-05-06T14:55:57 IST" finished-at="2022-05-06T14:56:04 IST">
          <reporter-output>
          </reporter-output>
        </test-method> <!-- setUp -->
        <test-method status="PASS" signature="Verify_the_Usermanagement_sub_tabs()[pri:9, instance:com.buffalocart.test.MyAccountPageTest@275710fc]" name="Verify_the_Usermanagement_sub_tabs" duration-ms="5296" started-at="2022-05-06T14:56:04 IST" description="TC_009_Verify the Usermanagement sub tabs" finished-at="2022-05-06T14:56:10 IST">
          <reporter-output>
          </reporter-output>
        </test-method> <!-- Verify_the_Usermanagement_sub_tabs -->
        <test-method status="PASS" signature="tearDown(org.testng.ITestResult)[pri:0, instance:com.buffalocart.test.MyAccountPageTest@275710fc]" name="tearDown" is-config="true" duration-ms="1" started-at="2022-05-06T14:56:10 IST" finished-at="2022-05-06T14:56:10 IST">
          <params>
            <param index="0">
              <value>
                <![CDATA[[TestResult name=Verify_the_Usermanagement_sub_tabs status=SUCCESS method=MyAccountPageTest.Verify_the_Usermanagement_sub_tabs()[pri:9, instance:com.buffalocart.test.MyAccountPageTest@275710fc] output={null}]]]>
              </value>
            </param>
          </params>
          <reporter-output>
          </reporter-output>
        </test-method> <!-- tearDown -->
      </class> <!-- com.buffalocart.test.MyAccountPageTest -->
      <class name="com.buffalocart.test.AddRolesTestPage">
        <test-method status="PASS" signature="setExtent(org.testng.ITestContext)[pri:0, instance:com.buffalocart.test.AddRolesTestPage@157632c9]" name="setExtent" is-config="true" duration-ms="16" started-at="2022-05-06T14:51:25 IST" finished-at="2022-05-06T14:51:25 IST">
          <params>
            <param index="0">
              <value>
                <![CDATA[org.testng.TestRunner@16602333]]>
              </value>
            </param>
          </params>
          <reporter-output>
          </reporter-output>
        </test-method> <!-- setExtent -->
        <test-method status="PASS" signature="setUp()[pri:0, instance:com.buffalocart.test.AddRolesTestPage@157632c9]" name="setUp" is-config="true" duration-ms="8020" started-at="2022-05-06T14:51:25 IST" finished-at="2022-05-06T14:51:33 IST">
          <reporter-output>
          </reporter-output>
        </test-method> <!-- setUp -->
        <test-method status="PASS" signature="verify_Add_Roles_page_title()[pri:22, instance:com.buffalocart.test.AddRolesTestPage@157632c9]" name="verify_Add_Roles_page_title" duration-ms="16234" started-at="2022-05-06T14:51:33 IST" description="TC_0220_ VVerify Add Roles page title " finished-at="2022-05-06T14:51:49 IST">
          <reporter-output>
          </reporter-output>
        </test-method> <!-- verify_Add_Roles_page_title -->
        <test-method status="PASS" signature="tearDown(org.testng.ITestResult)[pri:0, instance:com.buffalocart.test.AddRolesTestPage@157632c9]" name="tearDown" is-config="true" duration-ms="0" started-at="2022-05-06T14:51:49 IST" finished-at="2022-05-06T14:51:49 IST">
          <params>
            <param index="0">
              <value>
                <![CDATA[[TestResult name=verify_Add_Roles_page_title status=SUCCESS method=AddRolesTestPage.verify_Add_Roles_page_title()[pri:22, instance:com.buffalocart.test.AddRolesTestPage@157632c9] output={null}]]]>
              </value>
            </param>
          </params>
          <reporter-output>
          </reporter-output>
        </test-method> <!-- tearDown -->
        <test-method status="PASS" signature="setUp()[pri:0, instance:com.buffalocart.test.AddRolesTestPage@157632c9]" name="setUp" is-config="true" duration-ms="6014" started-at="2022-05-06T14:51:49 IST" finished-at="2022-05-06T14:51:55 IST">
          <reporter-output>
          </reporter-output>
        </test-method> <!-- setUp -->
        <test-method status="PASS" signature="verify_user_can_add_roles()[pri:23, instance:com.buffalocart.test.AddRolesTestPage@157632c9]" name="verify_user_can_add_roles" duration-ms="21983" started-at="2022-05-06T14:51:55 IST" description="TC_023_ Verify  user can add roles" finished-at="2022-05-06T14:52:17 IST">
          <reporter-output>
          </reporter-output>
        </test-method> <!-- verify_user_can_add_roles -->
        <test-method status="PASS" signature="tearDown(org.testng.ITestResult)[pri:0, instance:com.buffalocart.test.AddRolesTestPage@157632c9]" name="tearDown" is-config="true" duration-ms="1" started-at="2022-05-06T14:52:17 IST" finished-at="2022-05-06T14:52:17 IST">
          <params>
            <param index="0">
              <value>
                <![CDATA[[TestResult name=verify_user_can_add_roles status=SUCCESS method=AddRolesTestPage.verify_user_can_add_roles()[pri:23, instance:com.buffalocart.test.AddRolesTestPage@157632c9] output={null}]]]>
              </value>
            </param>
          </params>
          <reporter-output>
          </reporter-output>
        </test-method> <!-- tearDown -->
      </class> <!-- com.buffalocart.test.AddRolesTestPage -->
      <class name="com.buffalocart.test.AddUserTestPage">
        <test-method status="PASS" signature="setUp()[pri:0, instance:com.buffalocart.test.AddUserTestPage@6ee12bac]" name="setUp" is-config="true" duration-ms="5662" started-at="2022-05-06T14:52:17 IST" finished-at="2022-05-06T14:52:23 IST">
          <reporter-output>
          </reporter-output>
        </test-method> <!-- setUp -->
        <test-method status="PASS" signature="verify_the_error_message_displayed_without_filling_mandatory_fields_in_add_user_form()[pri:13, instance:com.buffalocart.test.AddUserTestPage@6ee12bac]" name="verify_the_error_message_displayed_without_filling_mandatory_fields_in_add_user_form" duration-ms="17131" started-at="2022-05-06T14:52:23 IST" description="TC_013_Verify the error message displayed without filling mandatory fields in add user form" finished-at="2022-05-06T14:52:40 IST">
          <reporter-output>
          </reporter-output>
        </test-method> <!-- verify_the_error_message_displayed_without_filling_mandatory_fields_in_add_user_form -->
        <test-method status="PASS" signature="tearDown(org.testng.ITestResult)[pri:0, instance:com.buffalocart.test.AddUserTestPage@6ee12bac]" name="tearDown" is-config="true" duration-ms="1" started-at="2022-05-06T14:52:40 IST" finished-at="2022-05-06T14:52:40 IST">
          <params>
            <param index="0">
              <value>
                <![CDATA[[TestResult name=verify_the_error_message_displayed_without_filling_mandatory_fields_in_add_user_form status=SUCCESS method=AddUserTestPage.verify_the_error_message_displayed_without_filling_mandatory_fields_in_add_user_form()[pri:13, instance:com.buffalocart.test.AddUserTestPage@6ee12bac] output={null}]]]>
              </value>
            </param>
          </params>
          <reporter-output>
          </reporter-output>
        </test-method> <!-- tearDown -->
        <test-method status="PASS" signature="setUp()[pri:0, instance:com.buffalocart.test.AddUserTestPage@6ee12bac]" name="setUp" is-config="true" duration-ms="5448" started-at="2022-05-06T14:52:40 IST" finished-at="2022-05-06T14:52:45 IST">
          <reporter-output>
          </reporter-output>
        </test-method> <!-- setUp -->
        <test-method status="PASS" signature="verify_Add_Users_page_title()[pri:15, instance:com.buffalocart.test.AddUserTestPage@6ee12bac]" name="verify_Add_Users_page_title" duration-ms="15827" started-at="2022-05-06T14:52:45 IST" description="TC_015_Verify  Add Users page title" finished-at="2022-05-06T14:53:01 IST">
          <reporter-output>
          </reporter-output>
        </test-method> <!-- verify_Add_Users_page_title -->
        <test-method status="PASS" signature="tearDown(org.testng.ITestResult)[pri:0, instance:com.buffalocart.test.AddUserTestPage@6ee12bac]" name="tearDown" is-config="true" duration-ms="1" started-at="2022-05-06T14:53:01 IST" finished-at="2022-05-06T14:53:01 IST">
          <params>
            <param index="0">
              <value>
                <![CDATA[[TestResult name=verify_Add_Users_page_title status=SUCCESS method=AddUserTestPage.verify_Add_Users_page_title()[pri:15, instance:com.buffalocart.test.AddUserTestPage@6ee12bac] output={null}]]]>
              </value>
            </param>
          </params>
          <reporter-output>
          </reporter-output>
        </test-method> <!-- tearDown -->
      </class> <!-- com.buffalocart.test.AddUserTestPage -->
      <class name="com.buffalocart.test.RolesPageTest">
        <test-method status="PASS" signature="setUp()[pri:0, instance:com.buffalocart.test.RolesPageTest@75f9eccc]" name="setUp" is-config="true" duration-ms="13232" started-at="2022-05-06T14:56:21 IST" finished-at="2022-05-06T14:56:34 IST">
          <reporter-output>
          </reporter-output>
        </test-method> <!-- setUp -->
        <test-method status="PASS" signature="verify_Roles_page_title()[pri:21, instance:com.buffalocart.test.RolesPageTest@75f9eccc]" name="verify_Roles_page_title" duration-ms="12581" started-at="2022-05-06T14:56:34 IST" description="TC_021_ Verify Roles page title" finished-at="2022-05-06T14:56:47 IST">
          <reporter-output>
          </reporter-output>
        </test-method> <!-- verify_Roles_page_title -->
        <test-method status="PASS" signature="tearDown(org.testng.ITestResult)[pri:0, instance:com.buffalocart.test.RolesPageTest@75f9eccc]" name="tearDown" is-config="true" duration-ms="1" started-at="2022-05-06T14:56:47 IST" finished-at="2022-05-06T14:56:47 IST">
          <params>
            <param index="0">
              <value>
                <![CDATA[[TestResult name=verify_Roles_page_title status=SUCCESS method=RolesPageTest.verify_Roles_page_title()[pri:21, instance:com.buffalocart.test.RolesPageTest@75f9eccc] output={null}]]]>
              </value>
            </param>
          </params>
          <reporter-output>
          </reporter-output>
        </test-method> <!-- tearDown -->
        <test-method status="PASS" signature="setUp()[pri:0, instance:com.buffalocart.test.RolesPageTest@75f9eccc]" name="setUp" is-config="true" duration-ms="6397" started-at="2022-05-06T14:56:47 IST" finished-at="2022-05-06T14:56:53 IST">
          <reporter-output>
          </reporter-output>
        </test-method> <!-- setUp -->
        <test-method status="PASS" signature="verify_user_can_delete_a_role_from_the_list()[pri:26, instance:com.buffalocart.test.RolesPageTest@75f9eccc]" name="verify_user_can_delete_a_role_from_the_list" duration-ms="17483" started-at="2022-05-06T14:56:53 IST" description="TC_026_ Verify user can delete a role from the list " finished-at="2022-05-06T14:57:11 IST">
          <reporter-output>
          </reporter-output>
        </test-method> <!-- verify_user_can_delete_a_role_from_the_list -->
        <test-method status="PASS" signature="tearDown(org.testng.ITestResult)[pri:0, instance:com.buffalocart.test.RolesPageTest@75f9eccc]" name="tearDown" is-config="true" duration-ms="0" started-at="2022-05-06T14:57:11 IST" finished-at="2022-05-06T14:57:11 IST">
          <params>
            <param index="0">
              <value>
                <![CDATA[[TestResult name=verify_user_can_delete_a_role_from_the_list status=SUCCESS method=RolesPageTest.verify_user_can_delete_a_role_from_the_list()[pri:26, instance:com.buffalocart.test.RolesPageTest@75f9eccc] output={null}]]]>
              </value>
            </param>
          </params>
          <reporter-output>
          </reporter-output>
        </test-method> <!-- tearDown -->
      </class> <!-- com.buffalocart.test.RolesPageTest -->
      <class name="com.buffalocart.test.ViewPageTest">
        <test-method status="PASS" signature="setUp()[pri:0, instance:com.buffalocart.test.ViewPageTest@67e2d983]" name="setUp" is-config="true" duration-ms="6681" started-at="2022-05-06T15:00:10 IST" finished-at="2022-05-06T15:00:16 IST">
          <reporter-output>
          </reporter-output>
        </test-method> <!-- setUp -->
        <test-method status="FAIL" signature="verify_the_details_displayed_on_view_user_page()[pri:20, instance:com.buffalocart.test.ViewPageTest@67e2d983]" name="verify_the_details_displayed_on_view_user_page" duration-ms="14107" started-at="2022-05-06T15:00:16 IST" description="TC_020_Verify  the details displayed on view user page" finished-at="2022-05-06T15:00:30 IST">
          <exception class="org.openqa.selenium.NoSuchElementException">
            <message>
              <![CDATA[no such element: Unable to locate element: {"method":"xpath","selector":"//a[@class='btn btn-xs btn-info']"}
  (Session info: chrome=101.0.4951.54)
For documentation on this error, please visit: https://selenium.dev/exceptions/#no_such_element
Build info: version: '4.1.3', revision: '7b1ebf28ef'
System info: host: 'LAPTOP-V0HJLHIK', ip: '192.168.1.4', os.name: 'Windows 10', os.arch: 'amd64', os.version: '10.0', java.version: '1.8.0_241'
Driver info: org.openqa.selenium.chrome.ChromeDriver
Command: [39e165667d64d6f38488219abdab396d, findElement {using=xpath, value=//a[@class='btn btn-xs btn-info']}]
Capabilities {acceptInsecureCerts: false, browserName: chrome, browserVersion: 101.0.4951.54, chrome: {chromedriverVersion: 101.0.4951.41 (93c720db8323..., userDataDir: C:\Users\USER\AppData\Local...}, goog:chromeOptions: {debuggerAddress: localhost:57010}, javascriptEnabled: true, networkConnectionEnabled: false, pageLoadStrategy: normal, platform: WINDOWS, platformName: WINDOWS, proxy: Proxy(), se:cdp: ws://localhost:57010/devtoo..., se:cdpVersion: 101.0.4951.54, setWindowRect: true, strictFileInteractability: false, timeouts: {implicit: 0, pageLoad: 300000, script: 30000}, unhandledPromptBehavior: dismiss and notify, webauthn:extension:credBlob: true, webauthn:extension:largeBlob: true, webauthn:virtualAuthenticators: true}
Session ID: 39e165667d64d6f38488219abdab396d]]>
            </message>
            <full-stacktrace>
              <![CDATA[org.openqa.selenium.NoSuchElementException: no such element: Unable to locate element: {"method":"xpath","selector":"//a[@class='btn btn-xs btn-info']"}
  (Session info: chrome=101.0.4951.54)
For documentation on this error, please visit: https://selenium.dev/exceptions/#no_such_element
Build info: version: '4.1.3', revision: '7b1ebf28ef'
System info: host: 'LAPTOP-V0HJLHIK', ip: '192.168.1.4', os.name: 'Windows 10', os.arch: 'amd64', os.version: '10.0', java.version: '1.8.0_241'
Driver info: org.openqa.selenium.chrome.ChromeDriver
Command: [39e165667d64d6f38488219abdab396d, findElement {using=xpath, value=//a[@class='btn btn-xs btn-info']}]
Capabilities {acceptInsecureCerts: false, browserName: chrome, browserVersion: 101.0.4951.54, chrome: {chromedriverVersion: 101.0.4951.41 (93c720db8323..., userDataDir: C:\Users\USER\AppData\Local...}, goog:chromeOptions: {debuggerAddress: localhost:57010}, javascriptEnabled: true, networkConnectionEnabled: false, pageLoadStrategy: normal, platform: WINDOWS, platformName: WINDOWS, proxy: Proxy(), se:cdp: ws://localhost:57010/devtoo..., se:cdpVersion: 101.0.4951.54, setWindowRect: true, strictFileInteractability: false, timeouts: {implicit: 0, pageLoad: 300000, script: 30000}, unhandledPromptBehavior: dismiss and notify, webauthn:extension:credBlob: true, webauthn:extension:largeBlob: true, webauthn:virtualAuthenticators: true}
Session ID: 39e165667d64d6f38488219abdab396d
at sun.reflect.NativeConstructorAccessorImpl.newInstance0(Native Method)
at sun.reflect.NativeConstructorAccessorImpl.newInstance(Unknown Source)
at sun.reflect.DelegatingConstructorAccessorImpl.newInstance(Unknown Source)
at java.lang.reflect.Constructor.newInstance(Unknown Source)
at org.openqa.selenium.remote.codec.w3c.W3CHttpResponseCodec.createException(W3CHttpResponseCodec.java:200)
at org.openqa.selenium.remote.codec.w3c.W3CHttpResponseCodec.decode(W3CHttpResponseCodec.java:133)
at org.openqa.selenium.remote.codec.w3c.W3CHttpResponseCodec.decode(W3CHttpResponseCodec.java:53)
at org.openqa.selenium.remote.HttpCommandExecutor.execute(HttpCommandExecutor.java:184)
at org.openqa.selenium.remote.service.DriverCommandExecutor.invokeExecute(DriverCommandExecutor.java:167)
at org.openqa.selenium.remote.service.DriverCommandExecutor.execute(DriverCommandExecutor.java:142)
at org.openqa.selenium.remote.RemoteWebDriver.execute(RemoteWebDriver.java:567)
at org.openqa.selenium.remote.ElementLocation$ElementFinder$2.findElement(ElementLocation.java:162)
at org.openqa.selenium.remote.ElementLocation.findElement(ElementLocation.java:60)
at org.openqa.selenium.remote.RemoteWebDriver.findElement(RemoteWebDriver.java:385)
at org.openqa.selenium.remote.RemoteWebDriver.findElement(RemoteWebDriver.java:377)
at org.openqa.selenium.support.pagefactory.DefaultElementLocator.findElement(DefaultElementLocator.java:70)
at org.openqa.selenium.support.pagefactory.internal.LocatingElementHandler.invoke(LocatingElementHandler.java:39)
at com.sun.proxy.$Proxy14.click(Unknown Source)
at com.buffalocart.utilities.PageUtility.clickOnElement(PageUtility.java:30)
at com.buffalocart.pages.UserPage.clickOnViewButton(UserPage.java:87)
at com.buffalocart.test.ViewPageTest.verify_the_details_displayed_on_view_user_page(ViewPageTest.java:56)
at sun.reflect.NativeMethodAccessorImpl.invoke0(Native Method)
at sun.reflect.NativeMethodAccessorImpl.invoke(Unknown Source)
at sun.reflect.DelegatingMethodAccessorImpl.invoke(Unknown Source)
at java.lang.reflect.Method.invoke(Unknown Source)
at org.testng.internal.invokers.MethodInvocationHelper.invokeMethod(MethodInvocationHelper.java:135)
at org.testng.internal.invokers.TestInvoker.invokeMethod(TestInvoker.java:673)
at org.testng.internal.invokers.TestInvoker.invokeTestMethod(TestInvoker.java:220)
at org.testng.internal.invokers.MethodRunner.runInSequence(MethodRunner.java:50)
at org.testng.internal.invokers.TestInvoker$MethodInvocationAgent.invoke(TestInvoker.java:945)
at org.testng.internal.invokers.TestInvoker.invokeTestMethods(TestInvoker.java:193)
at org.testng.internal.invokers.TestMethodWorker.invokeTestMethods(TestMethodWorker.java:146)
at org.testng.internal.invokers.TestMethodWorker.run(TestMethodWorker.java:128)
at java.util.ArrayList.forEach(Unknown Source)
at org.testng.TestRunner.privateRun(TestRunner.java:808)
at org.testng.TestRunner.run(TestRunner.java:603)
at org.testng.SuiteRunner.runTest(SuiteRunner.java:429)
at org.testng.SuiteRunner.runSequentially(SuiteRunner.java:423)
at org.testng.SuiteRunner.privateRun(SuiteRunner.java:383)
at org.testng.SuiteRunner.run(SuiteRunner.java:326)
at org.testng.SuiteRunnerWorker.runSuite(SuiteRunnerWorker.java:52)
at org.testng.SuiteRunnerWorker.run(SuiteRunnerWorker.java:95)
at org.testng.TestNG.runSuitesSequentially(TestNG.java:1249)
at org.testng.TestNG.runSuitesLocally(TestNG.java:1169)
at org.testng.TestNG.runSuites(TestNG.java:1092)
at org.testng.TestNG.run(TestNG.java:1060)
at org.apache.maven.surefire.testng.TestNGExecutor.run(TestNGExecutor.java:284)
at org.apache.maven.surefire.testng.TestNGXmlTestSuite.execute(TestNGXmlTestSuite.java:75)
at org.apache.maven.surefire.testng.TestNGProvider.invoke(TestNGProvider.java:119)
at org.apache.maven.surefire.booter.ForkedBooter.runSuitesInProcess(ForkedBooter.java:428)
at org.apache.maven.surefire.booter.ForkedBooter.execute(ForkedBooter.java:162)
at org.apache.maven.surefire.booter.ForkedBooter.run(ForkedBooter.java:562)
at org.apache.maven.surefire.booter.ForkedBooter.main(ForkedBooter.java:548)
]]>
            </full-stacktrace>
          </exception> <!-- org.openqa.selenium.NoSuchElementException -->
          <reporter-output>
          </reporter-output>
        </test-method> <!-- verify_the_details_displayed_on_view_user_page -->
        <test-method status="PASS" signature="tearDown(org.testng.ITestResult)[pri:0, instance:com.buffalocart.test.ViewPageTest@67e2d983]" name="tearDown" is-config="true" duration-ms="215" started-at="2022-05-06T15:00:30 IST" finished-at="2022-05-06T15:00:31 IST">
          <params>
            <param index="0">
              <value>
                <![CDATA[[TestResult name=verify_the_details_displayed_on_view_user_page status=FAILURE method=ViewPageTest.verify_the_details_displayed_on_view_user_page()[pri:20, instance:com.buffalocart.test.ViewPageTest@67e2d983] output={null}]]]>
              </value>
            </param>
          </params>
          <reporter-output>
          </reporter-output>
        </test-method> <!-- tearDown -->
      </class> <!-- com.buffalocart.test.ViewPageTest -->
      <class name="com.buffalocart.test.ResetPasswordPageTest">
        <test-method status="PASS" signature="setUp()[pri:0, instance:com.buffalocart.test.ResetPasswordPageTest@525f1e4e]" name="setUp" is-config="true" duration-ms="9040" started-at="2022-05-06T14:56:10 IST" finished-at="2022-05-06T14:56:19 IST">
          <reporter-output>
          </reporter-output>
        </test-method> <!-- setUp -->
        <test-method status="PASS" signature="verify_error_message_displyed_on_Reset_Password_page_with_invalid_email_id()[pri:5, instance:com.buffalocart.test.ResetPasswordPageTest@525f1e4e]" name="verify_error_message_displyed_on_Reset_Password_page_with_invalid_email_id" duration-ms="2452" started-at="2022-05-06T14:56:19 IST" description="TC_005_Verify error meesage displyed on  Reset Password page with invalid email id" finished-at="2022-05-06T14:56:21 IST">
          <reporter-output>
          </reporter-output>
        </test-method> <!-- verify_error_message_displyed_on_Reset_Password_page_with_invalid_email_id -->
        <test-method status="PASS" signature="tearDown(org.testng.ITestResult)[pri:0, instance:com.buffalocart.test.ResetPasswordPageTest@525f1e4e]" name="tearDown" is-config="true" duration-ms="0" started-at="2022-05-06T14:56:21 IST" finished-at="2022-05-06T14:56:21 IST">
          <params>
            <param index="0">
              <value>
                <![CDATA[[TestResult name=verify_error_message_displyed_on_Reset_Password_page_with_invalid_email_id status=SUCCESS method=ResetPasswordPageTest.verify_error_message_displyed_on_Reset_Password_page_with_invalid_email_id()[pri:5, instance:com.buffalocart.test.ResetPasswordPageTest@525f1e4e] output={null}]]]>
              </value>
            </param>
          </params>
          <reporter-output>
          </reporter-output>
        </test-method> <!-- tearDown -->
      </class> <!-- com.buffalocart.test.ResetPasswordPageTest -->
    </test> <!-- C:/Users/USER/IdeaProjects/buffalocart -->
  </suite> <!-- All Test Suite -->
</testng-results>
